Diagnose log at 2025-05-29T12:27:25Z

AppPath: C:\Program Files\Git\mingw64\bin\git-credential-manager.exe
InstallDir: C:\Program Files\Git\mingw64\bin\
Version: 2.6.1+786ab03440ddc82e807a97c0e540f5247e44cec6

------------
Diagnostic: Environment
Skipped: False
Success: True
Exception: None
Log:
OSType: Windows
OSVersion: 10.0 (build 22631)
Reading environment variables... OK
 Variables:
HOMEPATH=\Users\Viru Chowdary
DriverData=C:\Windows\System32\Drivers\DriverData
COMPUTERNAME=DESKTOP-U40VBPO
MSYSTEM=MINGW64
CommonProgramFiles(x86)=C:\Program Files (x86)\Common Files
OneDrive=C:\Users\Viru Chowdary\OneDrive
ChocolateyLastPathUpdate=133838458947612045
ProgramFiles(x86)=C:\Program Files (x86)
CONFIG_SITE=C:/Program Files/Git/etc/config.site
LC_CTYPE=en_US.UTF-8
USERDOMAIN=DESKTOP-U40VBPO
PATHEXT=.COM;.EXE;.BAT;.CMD;.VBS;.VBE;.JS;.JSE;.WSF;.WSH;.MSC;.PY;.PYW
ORIGINAL_TEMP=C:/Users/VIRUCH~1/AppData/Local/Temp
OnlineServices=Online Services
USERNAME=Viru Chowdary
MINGW_PREFIX=C:/Program Files/Git/mingw64
GIT_EXEC_PATH=C:/Program Files/Git/mingw64/libexec/git-core
ACLOCAL_PATH=C:\Program Files\Git\mingw64\share\aclocal;C:\Program Files\Git\usr\share\aclocal
TEMP=C:\Users\VIRUCH~1\AppData\Local\Temp
LOCALAPPDATA=C:\Users\Viru Chowdary\AppData\Local
MANPATH=C:\Program Files\Git\mingw64\local\man;C:\Program Files\Git\mingw64\share\man;C:\Program Files\Git\usr\local\man;C:\Program Files\Git\usr\share\man;C:\Program Files\Git\usr\man;C:\Program Files\Git\share\man
TERM=xterm
PROCESSOR_IDENTIFIER=Intel64 Family 6 Model 154 Stepping 4, GenuineIntel
MSYSTEM_CARCH=x86_64
PROGRAMFILES=C:\Program Files (x86)
ProgramData=C:\ProgramData
TERM_PROGRAM_VERSION=3.7.7
ORIGINAL_TMP=C:/Users/VIRUCH~1/AppData/Local/Temp
platformcode=M8
PROCESSOR_REVISION=9a04
SYSTEMROOT=C:\windows
TERM_PROGRAM=mintty
PROCESSOR_LEVEL=6
NUMBER_OF_PROCESSORS=12
SSH_ASKPASS=C:/Program Files/Git/mingw64/bin/git-askpass.exe
SHLVL=1
APPDATA=C:\Users\Viru Chowdary\AppData\Roaming
SYSTEMDRIVE=C:
PSModulePath=C:\Program Files\WindowsPowerShell\Modules;C:\windows\system32\WindowsPowerShell\v1.0\Modules;C:\Program Files (x86)\Microsoft SQL Server\160\Tools\PowerShell\Modules\
PUBLIC=C:\Users\Public
FPS_BROWSER_USER_PROFILE_STRING=Default
PKG_CONFIG_PATH=C:\Program Files\Git\mingw64\lib\pkgconfig;C:\Program Files\Git\mingw64\share\pkgconfig
MSYSTEM_CHOST=x86_64-w64-mingw32
IGCCSVC_DB=AQAAANCMnd8BFdERjHoAwE/Cl+sBAAAAlK96+GY/cE2/xWHvCPQ2vQQAAAACAAAAAAAQZgAAAAEAACAAAADEdjAL1OGF7cm03Duirm0LTnWriCZUlnNXoTRe9b37rQAAAAAOgAAAAAIAACAAAACLVpldPX+N4/9yLSAFVXAGMd0u7QypMlkk8SHquviLHGAAAAD4kHl56tvzP/C/yJW8o15sNtGaJXGj36l8vQbuf+08KR4g9kS6xP/YUODqnbAa4zkLQ/XUyod3dzIwG6gWG/3gueANE6aATq5QdKv/ssuKBQuaBQQFUhcgn3BYKyjVBP1AAAAAS8u6R5cdzaVNhU6/NeXK0gKslc1SeauHffJ1D1h6vGbY2zOFGuTgi460GhvBT2zr14izNlVbfwTkZeH+5cNU1A==
PKG_CONFIG_SYSTEM_LIBRARY_PATH=C:/Program Files/Git/mingw64/lib
PLINK_PROTOCOL=ssh
INFOPATH=C:\Program Files\Git\mingw64\local\info;C:\Program Files\Git\mingw64\share\info;C:\Program Files\Git\usr\local\info;C:\Program Files\Git\usr\share\info;C:\Program Files\Git\usr\info;C:\Program Files\Git\share\info
ProgramW6432=C:\Program Files
PATH=C:/Program Files/Git/mingw64/libexec/git-core;C:\Users\Viru Chowdary\bin;C:\Program Files\Git\mingw64\bin;C:\Program Files\Git\usr\local\bin;C:\Program Files\Git\usr\bin;C:\Program Files\Git\usr\bin;C:\Program Files\Git\mingw64\bin;C:\Program Files\Git\usr\bin;C:\Users\Viru Chowdary\bin;C:\Python313\Scripts;C:\Python313;C:\windows\system32;C:\windows;C:\windows\System32\Wbem;C:\windows\System32\WindowsPowerShell\v1.0;C:\windows\System32\OpenSSH;C:\Program Files (x86)\Microsoft SQL Server\160\DTS\Binn;C:\Program Files (x86)\Microsoft SQL Server\160\Tools\Binn;C:\Program Files\Microsoft SQL Server\160\Tools\Binn;C:\Program Files\Microsoft SQL Server\Client SDK\ODBC\170\Tools\Binn;C:\Program Files\Microsoft SQL Server\160\DTS\Binn;C:\Program Files\PuTTY;C:\Program Files\nodejs;C:\ProgramData\chocolatey\bin;C:\Program Files\Git\cmd;C:\Program Files\Microsoft SQL Server\150\Tools\Binn;C:\Program Files\dotnet;C:\Program Files (x86)\Windows Kits\10\Windows Performance Toolkit;C:\Users\Viru Chowdary\AppData\Local\Microsoft\WindowsApps;C:\Users\Viru Chowdary\AppData\Local\Programs\Microsoft VS Code\bin;C:\Users\Viru Chowdary\AppData\Roaming\npm;C:\Users\Viru Chowdary\AppData\Local\Programs\cursor\resources\app\bin;C:\Users\Viru Chowdary\.dotnet\tools;C:\Program Files\Git\usr\bin\vendor_perl;C:\Program Files\Git\usr\bin\core_perl
ChocolateyInstall=C:\ProgramData\chocolatey
RegionCode=APJ
GIT_TRACE2_PARENT_SID=9d07d5b3-fa68-4a3e-bdb3-30b58d24fe79
FPS_BROWSER_APP_PROFILE_STRING=Internet Explorer
EFC_9372=1
TMPDIR=C:\Users\VIRUCH~1\AppData\Local\Temp
TMP=C:\Users\VIRUCH~1\AppData\Local\Temp
SHELL=C:\Program Files\Git\usr\bin\bash.exe
HOME=C:\Users\Viru Chowdary
COMSPEC=C:\windows\system32\cmd.exe
ZES_ENABLE_SYSMAN=1
LOGONSERVER=\\DESKTOP-U40VBPO
USERPROFILE=C:\Users\Viru Chowdary
DISPLAY=needs-to-be-defined
COMMONPROGRAMFILES=C:\Program Files (x86)\Common Files
WINDIR=C:\windows
USERDOMAIN_ROAMINGPROFILE=DESKTOP-U40VBPO
CommonProgramW6432=C:\Program Files\Common Files
HOMEDRIVE=C:
MSYSTEM_PREFIX=C:/Program Files/Git/mingw64
OLDPWD=C:/xampp/htdocs
MINGW_PACKAGE_PREFIX=mingw-w64-x86_64
SESSIONNAME=Console
PWD=C:/xampp/htdocs/cloudseals-app
EXEPATH=C:\Program Files\Git
HOSTNAME=DESKTOP-U40VBPO
PROCESSOR_ARCHITEW6432=AMD64
ORIGINAL_PATH=C:\Program Files\Git\mingw64\bin;C:\Program Files\Git\usr\bin;C:\Users\Viru Chowdary\bin;C:\Python313\Scripts;C:\Python313;C:\windows\system32;C:\windows;C:\windows\System32\Wbem;C:\windows\System32\WindowsPowerShell\v1.0;C:\windows\System32\OpenSSH;C:\Program Files (x86)\Microsoft SQL Server\160\DTS\Binn;C:\Program Files (x86)\Microsoft SQL Server\160\Tools\Binn;C:\Program Files\Microsoft SQL Server\160\Tools\Binn;C:\Program Files\Microsoft SQL Server\Client SDK\ODBC\170\Tools\Binn;C:\Program Files\Microsoft SQL Server\160\DTS\Binn;C:\Program Files\PuTTY;C:\Program Files\nodejs;C:\ProgramData\chocolatey\bin;C:\Program Files\Git\cmd;C:\Program Files\Microsoft SQL Server\150\Tools\Binn;C:\Program Files\dotnet;C:\Program Files (x86)\Windows Kits\10\Windows Performance Toolkit;C:\Users\Viru Chowdary\AppData\Local\Microsoft\WindowsApps;C:\Users\Viru Chowdary\AppData\Local\Programs\Microsoft VS Code\bin;C:\Users\Viru Chowdary\AppData\Roaming\npm;C:\Users\Viru Chowdary\AppData\Local\Programs\cursor\resources\app\bin;C:\Users\Viru Chowdary\.dotnet\tools
PROCESSOR_ARCHITECTURE=x86
PS1=\[\033]0;$TITLEPREFIX:$PWD\007\]\n\[\033[32m\]\u@\h \[\033[35m\]$MSYSTEM \[\033[33m\]\w\[\033[36m\]`__git_ps1`\[\033[0m\]\n$ 
OS=Windows_NT
MINGW_CHOST=x86_64-w64-mingw32
PKG_CONFIG_SYSTEM_INCLUDE_PATH=C:/Program Files/Git/mingw64/include
_=C:/Program Files/Git/mingw64/bin/git
ALLUSERSPROFILE=C:\ProgramData


------------
Diagnostic: File system
Skipped: False
Success: True
Exception: None
Log:
Temporary directory is 'C:\Users\Viru Chowdary\AppData\Local\Temp\'...
Checking basic file I/O...
Writing to temporary file 'C:\Users\Viru Chowdary\AppData\Local\Temp\114642bf9e25365ef10d99c7'... OK
Reading from temporary file 'C:\Users\Viru Chowdary\AppData\Local\Temp\114642bf9e25365ef10d99c7'... OK
Deleting temporary file 'C:\Users\Viru Chowdary\AppData\Local\Temp\114642bf9e25365ef10d99c7'... OK
Testing IFileSystem instance...
UserHomePath: C:\Users\Viru Chowdary
UserDataDirectoryPath: C:\Users\Viru Chowdary\.gcm
GetCurrentDirectory(): C:\xampp\htdocs\cloudseals-app

------------
Diagnostic: Networking
Skipped: False
Success: True
Exception: None
Log:
Checking networking and HTTP stack...
Creating HTTP client... OK
IsNetworkAvailable: True
Sending HEAD request to http://example.com...Sending HEAD request to https://example.com... OK
 OK
Acquiring free TCP port... OK
Testing local HTTP loopback connections...
Creating new HTTP listener for http://localhost:60549/... OK
Waiting for loopback connection... OK
Writing response... OK
Waiting for response data... OK
Loopback connection data OK

------------
Diagnostic: Git
Skipped: False
Success: True
Exception: None
Log:
Getting Git version... OK
Git version is '2.49.0.windows.1'
Locating current repository...Git repository at 'C:/xampp/htdocs/cloudseals-app/.git'
 OK
Listing all Git configuration... OK
Git configuration:
file:C:/Program Files/Git/etc/gitconfig	diff.astextplain.textconv=astextplain
file:C:/Program Files/Git/etc/gitconfig	filter.lfs.clean=git-lfs clean -- %f
file:C:/Program Files/Git/etc/gitconfig	filter.lfs.smudge=git-lfs smudge -- %f
file:C:/Program Files/Git/etc/gitconfig	filter.lfs.process=git-lfs filter-process
file:C:/Program Files/Git/etc/gitconfig	filter.lfs.required=true
file:C:/Program Files/Git/etc/gitconfig	http.sslbackend=schannel
file:C:/Program Files/Git/etc/gitconfig	core.autocrlf=true
file:C:/Program Files/Git/etc/gitconfig	core.fscache=true
file:C:/Program Files/Git/etc/gitconfig	core.symlinks=false
file:C:/Program Files/Git/etc/gitconfig	pull.rebase=false
file:C:/Program Files/Git/etc/gitconfig	credential.helper=manager
file:C:/Program Files/Git/etc/gitconfig	credential.https://dev.azure.com.usehttppath=true
file:C:/Program Files/Git/etc/gitconfig	init.defaultbranch=master
file:C:/Users/Viru Chowdary/.gitconfig	user.name=Viru Chowdary
file:C:/Users/Viru Chowdary/.gitconfig	user.email=your-email@example.com
file:C:/Users/Viru Chowdary/.gitconfig	credential.helper=
file:C:/Users/Viru Chowdary/.gitconfig	credential.helper=C:/Program\ Files/Git/mingw64/bin/git-credential-manager.exe
file:.git/config	core.repositoryformatversion=0
file:.git/config	core.filemode=false
file:.git/config	core.bare=false
file:.git/config	core.logallrefupdates=true
file:.git/config	core.symlinks=false
file:.git/config	core.ignorecase=true
file:.git/config	remote.origin.url=https://github.com/Parvathi4147/cloudseals-app.git
file:.git/config	remote.origin.fetch=+refs/heads/*:refs/remotes/origin/*


------------
Diagnostic: Credential storage
Skipped: False
Success: True
Exception: None
Log:
ICredentialStore instance is of type: CredentialStore
Writing test credential... OK
Reading test credential... OK
Deleting test credential... OK

------------
Diagnostic: Microsoft authentication (AAD/MSA)
Skipped: False
Success: True
Exception: None
Log:
Broker is not enabled.
Flow type is: Auto
Gathering MSAL token cache data... OK
CacheDirectory: C:\Users\Viru Chowdary\AppData\Local\.IdentityService
CacheFileName: msal.cache
CacheFilePath: C:\Users\Viru Chowdary\AppData\Local\.IdentityService\msal.cache
Creating cache helper... OK
Verifying MSAL token cache persistence... OK

------------
Diagnostic: GitHub API
Skipped: False
Success: True
Exception: None
Log:
Using 'https://github.com/' as API target.
Querying '/meta' endpoint... OK

